\BOOKMARK [0][-]{chapter*.2}{Martes, 11 de Febrero}{}% 1
\BOOKMARK [1][-]{experiment.1.1}{Elección de la tecnologías}{chapter*.2}% 2
\BOOKMARK [1][-]{experiment.1.2}{Elección del motor de base de datos}{chapter*.2}% 3
\BOOKMARK [0][-]{chapter*.3}{Jueves, 13 Febrero 2020}{}% 4
\BOOKMARK [1][-]{experiment.2.1}{Obtención de los datos para el DataWarehouse}{chapter*.3}% 5
\BOOKMARK [1][-]{experiment.2.2}{Cambio en diseño del Data Warehouse}{chapter*.3}% 6
\BOOKMARK [0][-]{chapter*.4}{Viernes, 14 Febrero 2020}{}% 7
\BOOKMARK [1][-]{experiment.3.1}{Primer versión de la base de datos}{chapter*.4}% 8
\BOOKMARK [1][-]{experiment.3.2}{Primeras consultas en la Base de Datos}{chapter*.4}% 9
\BOOKMARK [0][-]{chapter*.5}{Lunes, 17 Febrero 2020}{}% 10
\BOOKMARK [1][-]{experiment.4.1}{Cambio en la obtención de datos}{chapter*.5}% 11
\BOOKMARK [1][-]{experiment.4.2}{Realización de consultas}{chapter*.5}% 12
\BOOKMARK [0][-]{chapter*.6}{Lunes, 24 Febrero 2020}{}% 13
\BOOKMARK [1][-]{experiment.5.1}{Modelo de regresión lineal de jugadores}{chapter*.6}% 14
\BOOKMARK [0][-]{chapter*.7}{Martes, 25 Febrero 2020}{}% 15
\BOOKMARK [1][-]{experiment.6.1}{Documentar el modelo de regresión lineal}{chapter*.7}% 16
\BOOKMARK [1][-]{experiment.6.2}{Generar los gráficos estadísticos}{chapter*.7}% 17
\BOOKMARK [0][-]{chapter*.8}{Miércoles, 26 Febrero 2020}{}% 18
\BOOKMARK [1][-]{experiment.7.1}{Documentar el modelo de regresión lineal}{chapter*.8}% 19
\BOOKMARK [1][-]{experiment.7.2}{Documentar consultas y estadísticas}{chapter*.8}% 20
\BOOKMARK [0][-]{chapter*.9}{Lunes, 2 Marzo 2020}{}% 21
\BOOKMARK [1][-]{experiment.8.1}{Creada presentación del proyecto}{chapter*.9}% 22
